Sonic Pi Spider Server booting...
The time is 2023-09-28 15:36:18 +0200
Using primary protocol: udp
Detecting port numbers...
Ports: {:server_port=>35017, :gui_port=>35018, :scsynth_port=>35019, :scsynth_send_port=>35019, :osc_cues_port=>4560, :tau_port=>35020, :listen_to_tau_port=>35024}
Token: -1419996815
Opening UDP Server to listen to GUI on port: 35017
Spider - Pulling in modules...
Spider - Starting Runtime Server
TauComms - Sending /ping to tau: 127.0.0.1:35020
TauComms - Receiving ack from tau
TauComms - connection established
studio - init
scsynth boot - Waiting for the SuperCollider Server to have booted...
scsynth boot - Sending /status to server: 127.0.0.1:35019
scsynth boot - Receiving ack from scsynth
scsynth boot - Server connection established
scsynth - clear!
scsynth - clear schedule 
scsynth - schedule cleared!
scsynth - group clear 0
scsynth - group clear 0 completed
Studio - Initialised SuperCollider Audio Server v3.13.0
Studio - Resetting server
Studio - Reset and setup groups and busses
Studio - Clearing scsynth
scsynth - clear schedule
scsynth - clear scsynth
scsynth - clear!
scsynth - clear schedule 
scsynth - schedule cleared!
scsynth - group clear 0
scsynth - group clear 0 completed
scsynth - cleared scsynth
scsynth - bus allocators reset
Studio - Allocating audio bus
Studio - Create Base Synth Groups
Studio - Starting mixer
Studio - Starting scope
Spider - Runtime Server Initialised
Spider - Registering incoming Spider Server API endpoints
Spider - Booted Successfully.
Spider - v4.4, OS windows, on Ruby  3.2.2 | 3.2.0.
Spider - ------------------------------------------
