15:36:17.279 [info] All systems booting....
15:36:17.279 [info] Initialising MIDI native interface
15:36:17.648 [info] Initialising Link native interface
15:36:18.157 [info] Starting Phoenix server
15:36:18.157 [info] Starting with MIDI server enabled
15:36:18.157 [info] Starting with Link server enabled
15:36:18.158 [info] 
+--------------------------------------+
    This is the Sonic Pi Link Server    
       Powered by Erlang 26             
                                        
   Number of detected peers:           
   0 
                                        
   Current tempo:          
   60.0 
+--------------------------------------+



15:36:18.254 [info] 
+--------------------------------------+
    This is the Sonic Pi MIDI Server    
       Powered by Erlang 26             
                                        
   Detected MIDI input ports:           
   [] 
                                        
   Detected MIDI output ports:          
   [~c"microsoft_gs_wavetable_synth_0"] 
+--------------------------------------+



15:36:18.256 [info] 
+--------------------------------------+
    This is the Sonic Pi OSC Server     
             == Tau ==                  
       Powered by Erlang 26             
                                        
        Incoming OSC on port 4560         
  OSC cue forwarding to {127, 0, 0, 1}              
                     on port 35024         
+--------------------------------------+



15:36:18.256 [info] 
+--------------------------------------+
    This is the Sonic Pi API Server     
       Powered by Erlang 26             
                                        
       API listening on port 35020         
+--------------------------------------+



15:36:18.260 [info] Running TauWeb.Endpoint with cowboy 2.10.0 at 0.0.0.0:35022 (http)
15:36:18.272 [info] Access TauWeb.Endpoint at http://localhost:35022
15:36:18.991 [info] API /send-pid-to-daemon -> sending pid to Daemon...
15:36:22.645 [error] Cue Server got unexpected message: {:midi_on, 1}
15:36:22.646 [info] Enabling cue forwarding 
15:36:23.732 [info] Enabling cue forwarding 
