Sonic Pi Spider Server booting...
The time is 2023-09-28 16:32:30 +0200
Using primary protocol: udp
Detecting port numbers...
Ports: {:server_port=>38495, :gui_port=>38496, :scsynth_port=>38497, :scsynth_send_port=>38497, :osc_cues_port=>4560, :tau_port=>38498, :listen_to_tau_port=>38502}
Token: -1358249076
Opening UDP Server to listen to GUI on port: 38495
Spider - Pulling in modules...
Spider - Starting Runtime Server

===========
Critical: UDP Server Tau Comms ack server for port ["AF_INET", 64366, "127.0.0.1", "127.0.0.1"] had issues receiving from socket
An existing connection was forcibly closed by the remote host. - recvfrom(2)
["C:/Program Files/Sonic Pi/app/server/ruby/lib/sonicpi/osc/udp_server.rb:88:in `recvfrom'", "C:/Program Files/Sonic Pi/app/server/ruby/lib/sonicpi/osc/udp_server.rb:88:in `block in start_listener'", "C:/Program Files/Sonic Pi/app/server/ruby/lib/sonicpi/osc/udp_server.rb:86:in `loop'", "C:/Program Files/Sonic Pi/app/server/ruby/lib/sonicpi/osc/udp_server.rb:86:in `start_listener'", "C:/Program Files/Sonic Pi/app/server/ruby/lib/sonicpi/osc/udp_server.rb:41:in `block in initialize'"]
===========
TauComms - Sending /ping to tau: 127.0.0.1:38498
TauComms - Sending /ping to tau: 127.0.0.1:38498
TauComms - Receiving ack from tau
TauComms - connection established
studio - init
scsynth boot - Waiting for the SuperCollider Server to have booted...
scsynth boot - Sending /status to server: 127.0.0.1:38497
scsynth boot - Receiving ack from scsynth
scsynth boot - Server connection established
scsynth - clear!
scsynth - clear schedule 
scsynth - schedule cleared!
scsynth - group clear 0
scsynth - group clear 0 completed
Studio - Initialised SuperCollider Audio Server v3.13.0
Studio - Resetting server
Studio - Reset and setup groups and busses
Studio - Clearing scsynth
scsynth - clear schedule
scsynth - clear scsynth
scsynth - clear!
scsynth - clear schedule 
scsynth - schedule cleared!
scsynth - group clear 0
scsynth - group clear 0 completed
scsynth - cleared scsynth
scsynth - bus allocators reset
Studio - Allocating audio bus
Studio - Create Base Synth Groups
Studio - Starting mixer
Studio - Starting scope
Spider - Runtime Server Initialised
Spider - Registering incoming Spider Server API endpoints
Spider - Booted Successfully.
Spider - v4.4, OS windows, on Ruby  3.2.2 | 3.2.0.
Spider - ------------------------------------------
Studio - Pausing SuperCollider Audio Server
Studio - Pausing SuperCollider Audio Server
Studio - Pausing SuperCollider Audio Server
Studio - Pausing SuperCollider Audio Server
